  CREATE_STREAM @0 {NAME:base_seq_h T:Transactions SCOPE:uvm_test_top.env_h.wr_agent_h.wr_sqr_h STREAM:556}
  CREATE_STREAM @0 {NAME:base_seq_h T:Transactions SCOPE:uvm_test_top.env_h.wr_agent_h.wr_sqr_h STREAM:556}
  CREATE_STREAM @0 {NAME:wr_seq_h T:Transactions SCOPE:uvm_test_top.env_h.wr_agent_h.wr_sqr_h STREAM:744}
  CREATE_STREAM @0 {NAME:rd_seq_h T:Transactions SCOPE:uvm_test_top.env_h.rd_agent_h.rd_sqr_h STREAM:751}
  CREATE_STREAM @0 {NAME:wr_seq_h T:Transactions SCOPE:uvm_test_top.env_h.wr_agent_h.wr_sqr_h STREAM:744}
  CREATE_STREAM @0 {NAME:rd_seq_h T:Transactions SCOPE:uvm_test_top.env_h.rd_agent_h.rd_sqr_h STREAM:758}
  CREATE_STREAM @0 {NAME:wr_seq_h T:Transactions SCOPE:uvm_test_top.env_h.wr_agent_h.wr_sqr_h STREAM:744}
  CREATE_STREAM @0 {NAME:wr_seq_h T:Transactions SCOPE:uvm_test_top.env_h.wr_agent_h.wr_sqr_h STREAM:744}
  CREATE_STREAM @0 {NAME:rd_seq_h T:Transactions SCOPE:uvm_test_top.env_h.rd_agent_h.rd_sqr_h STREAM:758}
  CREATE_STREAM @0 {NAME:wr_seq_h T:Transactions SCOPE:uvm_test_top.env_h.wr_agent_h.wr_sqr_h STREAM:744}
  CREATE_STREAM @0 {NAME:rd_seq_h T:Transactions SCOPE:uvm_test_top.env_h.rd_agent_h.rd_sqr_h STREAM:762}
  CREATE_STREAM @0 {NAME:wr_seq_h T:Transactions SCOPE:uvm_test_top.env_h.wr_agent_h.wr_sqr_h STREAM:744}
  CREATE_STREAM @0 {NAME:rd_seq_h T:Transactions SCOPE:uvm_test_top.env_h.rd_agent_h.rd_sqr_h STREAM:797}
  CREATE_STREAM @0 {NAME:wr_seq_h T:Transactions SCOPE:uvm_test_top.env_h.wr_agent_h.wr_sqr_h STREAM:744}
  CREATE_STREAM @0 {NAME:rd_seq_h T:Transactions SCOPE:uvm_test_top.env_h.rd_agent_h.rd_sqr_h STREAM:777}
  CREATE_STREAM @0 {NAME:wr_seq_h T:Transactions SCOPE:uvm_test_top.env_h.wr_agent_h.wr_sqr_h STREAM:744}
  CREATE_STREAM @0 {NAME:rd_seq_h T:Transactions SCOPE:uvm_test_top.env_h.rd_agent_h.rd_sqr_h STREAM:777}
  CREATE_STREAM @0 {NAME:wr_seq_h T:Transactions SCOPE:uvm_test_top.env_h.wr_agent_h.wr_sqr_h STREAM:749}
  CREATE_STREAM @0 {NAME:rd_seq_h T:Transactions SCOPE:uvm_test_top.env_h.rd_agent_h.rd_sqr_h STREAM:782}
  CREATE_STREAM @0 {NAME:wr_seq_h T:Transactions SCOPE:uvm_test_top.env_h.wr_agent_h.wr_sqr_h STREAM:750}
  CREATE_STREAM @95 {NAME:rd_seq_h T:Transactions SCOPE:uvm_test_top.env_h.rd_agent_h.rd_sqr_h STREAM:813}
  CREATE_STREAM @0 {NAME:wr_seq_h T:Transactions SCOPE:uvm_test_top.env_h.wr_agent_h.wr_sqr_h STREAM:750}
  CREATE_STREAM @315 {NAME:rd_seq_h T:Transactions SCOPE:uvm_test_top.env_h.rd_agent_h.rd_sqr_h STREAM:857}
  CREATE_STREAM @0 {NAME:wr_seq_h T:Transactions SCOPE:uvm_test_top.env_h.wr_agent_h.wr_sqr_h STREAM:750}
  CREATE_STREAM @315 {NAME:rd_seq_h T:Transactions SCOPE:uvm_test_top.env_h.rd_agent_h.rd_sqr_h STREAM:857}
  CREATE_STREAM @0 {NAME:wr_seq_h T:Transactions SCOPE:uvm_test_top.env_h.wr_agent_h.wr_sqr_h STREAM:750}
  CREATE_STREAM @335 {NAME:rd_seq_h T:Transactions SCOPE:uvm_test_top.env_h.rd_agent_h.rd_sqr_h STREAM:861}
  CREATE_STREAM @0 {NAME:wr_seq_h T:Transactions SCOPE:uvm_test_top.env_h.wr_agent_h.wr_sqr_h STREAM:751}
  CREATE_STREAM @315 {NAME:rd_seq_h T:Transactions SCOPE:uvm_test_top.env_h.rd_agent_h.rd_sqr_h STREAM:858}
  CREATE_STREAM @0 {NAME:wr_seq_h T:Transactions SCOPE:uvm_test_top.env_h.wr_agent_h.wr_sqr_h STREAM:751}
  CREATE_STREAM @315 {NAME:rd_seq_h T:Transactions SCOPE:uvm_test_top.env_h.rd_agent_h.rd_sqr_h STREAM:858}
  CREATE_STREAM @0 {NAME:wr_seq_h T:Transactions SCOPE:uvm_test_top.env_h.wr_agent_h.wr_sqr_h STREAM:751}
  CREATE_STREAM @315 {NAME:rd_seq_h T:Transactions SCOPE:uvm_test_top.env_h.rd_agent_h.rd_sqr_h STREAM:858}
  CREATE_STREAM @0 {NAME:wr_seq_h T:Transactions SCOPE:uvm_test_top.env_h.wr_agent_h.wr_sqr_h STREAM:751}
  CREATE_STREAM @335 {NAME:rd_seq_h T:Transactions SCOPE:uvm_test_top.env_h.rd_agent_h.rd_sqr_h STREAM:862}
  CREATE_STREAM @0 {NAME:wr_seq_h T:Transactions SCOPE:uvm_test_top.env_h.wr_agent_h.wr_sqr_h STREAM:751}
  CREATE_STREAM @335 {NAME:rd_seq_h T:Transactions SCOPE:uvm_test_top.env_h.rd_agent_h.rd_sqr_h STREAM:862}
  CREATE_STREAM @0 {NAME:wr_seq_h T:Transactions SCOPE:uvm_test_top.env_h.wr_agent_h.wr_sqr_h STREAM:761}
  CREATE_STREAM @0 {NAME:wr_seq_h T:Transactions SCOPE:uvm_test_top.env_h.wr_agent_h.wr_sqr_h STREAM:761}
  CREATE_STREAM @335 {NAME:rd_seq_h T:Transactions SCOPE:uvm_test_top.env_h.rd_agent_h.rd_sqr_h STREAM:1076}
  CREATE_STREAM @0 {NAME:wr_seq_h T:Transactions SCOPE:uvm_test_top.env_h.wr_agent_h.wr_sqr_h STREAM:761}
  CREATE_STREAM @315 {NAME:rd_seq_h T:Transactions SCOPE:uvm_test_top.env_h.rd_agent_h.rd_sqr_h STREAM:1060}
  CREATE_STREAM @0 {NAME:wr_seq_h T:Transactions SCOPE:uvm_test_top.env_h.wr_agent_h.wr_sqr_h STREAM:771}
  CREATE_STREAM @315 {NAME:rd_seq_h T:Transactions SCOPE:uvm_test_top.env_h.rd_agent_h.rd_sqr_h STREAM:1208}
  CREATE_STREAM @0 {NAME:wr_seq_h T:Transactions SCOPE:uvm_test_top.env_h.wr_agent_h.wr_sqr_h STREAM:771}
  CREATE_STREAM @95 {NAME:rd_seq_h T:Transactions SCOPE:uvm_test_top.env_h.rd_agent_h.rd_sqr_h STREAM:936}
  CREATE_STREAM @0 {NAME:wr_seq_h T:Transactions SCOPE:uvm_test_top.env_h.wr_agent_h.wr_sqr_h STREAM:771}
  CREATE_STREAM @95 {NAME:rd_seq_h T:Transactions SCOPE:uvm_test_top.env_h.rd_agent_h.rd_sqr_h STREAM:922}
  CREATE_STREAM @0 {NAME:wr_seq_h T:Transactions SCOPE:uvm_test_top.env_h.wr_agent_h.wr_sqr_h STREAM:771}
  CREATE_STREAM @95 {NAME:rd_seq_h T:Transactions SCOPE:uvm_test_top.env_h.rd_agent_h.rd_sqr_h STREAM:892}
  CREATE_STREAM @0 {NAME:wr_seq_h T:Transactions SCOPE:uvm_test_top.env_h.wr_agent_h.wr_sqr_h STREAM:771}
  CREATE_STREAM @95 {NAME:rd_seq_h T:Transactions SCOPE:uvm_test_top.env_h.rd_agent_h.rd_sqr_h STREAM:892}
  CREATE_STREAM @0 {NAME:wr_seq_h T:Transactions SCOPE:uvm_test_top.env_h.wr_agent_h.wr_sqr_h STREAM:771}
  CREATE_STREAM @0 {NAME:wr_seq_h T:Transactions SCOPE:uvm_test_top.env_h.wr_agent_h.wr_sqr_h STREAM:771}
  CREATE_STREAM @95 {NAME:rd_seq_h T:Transactions SCOPE:uvm_test_top.env_h.rd_agent_h.rd_sqr_h STREAM:892}
  CREATE_STREAM @0 {NAME:wr_full_seq_h T:Transactions SCOPE:uvm_test_top.env_h.wr_agent_h.wr_sqr_h STREAM:765}
  CREATE_STREAM @0 {NAME:wr_overflow_seq_h T:Transactions SCOPE:uvm_test_top.env_h.wr_agent_h.wr_sqr_h STREAM:765}
  CREATE_STREAM @0 {NAME:wr_seq_h T:Transactions SCOPE:uvm_test_top.env_h.wr_agent_h.wr_sqr_h STREAM:769}
  CREATE_STREAM @0 {NAME:wr_seq_h T:Transactions SCOPE:uvm_test_top.env_h.wr_agent_h.wr_sqr_h STREAM:775}
  CREATE_STREAM @95 {NAME:rd_seq_h T:Transactions SCOPE:uvm_test_top.env_h.rd_agent_h.rd_sqr_h STREAM:907}
  CREATE_STREAM @0 {NAME:wr_seq_h T:Transactions SCOPE:uvm_test_top.env_h.wr_agent_h.wr_sqr_h STREAM:777}
  CREATE_STREAM @95 {NAME:rd_seq_h T:Transactions SCOPE:uvm_test_top.env_h.rd_agent_h.rd_sqr_h STREAM:909}
  CREATE_STREAM @0 {NAME:wr_seq_h T:Transactions SCOPE:uvm_test_top.env_h.wr_agent_h.wr_sqr_h STREAM:777}
  CREATE_STREAM @95 {NAME:rd_seq_h T:Transactions SCOPE:uvm_test_top.env_h.rd_agent_h.rd_sqr_h STREAM:881}
  CREATE_STREAM @0 {NAME:wr_seq_h T:Transactions SCOPE:uvm_test_top.env_h.wr_agent_h.wr_sqr_h STREAM:777}
  CREATE_STREAM @0 {NAME:rd_seq_h T:Transactions SCOPE:uvm_test_top.env_h.rd_agent_h.rd_sqr_h STREAM:780}
  CREATE_STREAM @0 {NAME:wr_seq_h T:Transactions SCOPE:uvm_test_top.env_h.wr_agent_h.wr_sqr_h STREAM:777}
  CREATE_STREAM @0 {NAME:rd_seq_h T:Transactions SCOPE:uvm_test_top.env_h.rd_agent_h.rd_sqr_h STREAM:780}
  CREATE_STREAM @0 {NAME:wr_seq_h T:Transactions SCOPE:uvm_test_top.env_h.wr_agent_h.wr_sqr_h STREAM:777}
  CREATE_STREAM @0 {NAME:rd_seq_h T:Transactions SCOPE:uvm_test_top.env_h.rd_agent_h.rd_sqr_h STREAM:780}
  CREATE_STREAM @0 {NAME:wr_seq_h T:Transactions SCOPE:uvm_test_top.env_h.wr_agent_h.wr_sqr_h STREAM:777}
  CREATE_STREAM @0 {NAME:rd_seq_h T:Transactions SCOPE:uvm_test_top.env_h.rd_agent_h.rd_sqr_h STREAM:780}
  CREATE_STREAM @0 {NAME:wr_seq_h T:Transactions SCOPE:uvm_test_top.env_h.wr_agent_h.wr_sqr_h STREAM:777}
  CREATE_STREAM @35 {NAME:rd_seq_h T:Transactions SCOPE:uvm_test_top.env_h.rd_agent_h.rd_sqr_h STREAM:845}
  CREATE_STREAM @0 {NAME:wr_seq_h T:Transactions SCOPE:uvm_test_top.env_h.wr_agent_h.wr_sqr_h STREAM:815}
  CREATE_STREAM @35 {NAME:rd_seq_h T:Transactions SCOPE:uvm_test_top.env_h.rd_agent_h.rd_sqr_h STREAM:883}
  CREATE_STREAM @0 {NAME:wr_overflow_seq_h T:Transactions SCOPE:uvm_test_top.env_h.wr_agent_h.wr_sqr_h STREAM:803}
  CREATE_STREAM @0 {NAME:wr_overflow_seq_h T:Transactions SCOPE:uvm_test_top.env_h.wr_agent_h.wr_sqr_h STREAM:803}
  CREATE_STREAM @0 {NAME:wr_seq_h T:Transactions SCOPE:uvm_test_top.env_h.wr_agent_h.wr_sqr_h STREAM:815}
  CREATE_STREAM @0 {NAME:rd_seq_h T:Transactions SCOPE:uvm_test_top.env_h.rd_agent_h.rd_sqr_h STREAM:818}
  CREATE_STREAM @0 {NAME:wr_seq_h T:Transactions SCOPE:uvm_test_top.env_h.wr_agent_h.wr_sqr_h STREAM:815}
  CREATE_STREAM @0 {NAME:rd_seq_h T:Transactions SCOPE:uvm_test_top.env_h.rd_agent_h.rd_sqr_h STREAM:818}
  CREATE_STREAM @0 {NAME:wr_seq_h T:Transactions SCOPE:uvm_test_top.env_h.wr_agent_h.wr_sqr_h STREAM:815}
  CREATE_STREAM @55 {NAME:rd_seq_h T:Transactions SCOPE:uvm_test_top.env_h.rd_agent_h.rd_sqr_h STREAM:889}
  CREATE_STREAM @0 {NAME:wr_seq_h T:Transactions SCOPE:uvm_test_top.env_h.wr_agent_h.wr_sqr_h STREAM:835}
  CREATE_STREAM @35 {NAME:rd_seq_h T:Transactions SCOPE:uvm_test_top.env_h.rd_agent_h.rd_sqr_h STREAM:899}
  CREATE_STREAM @0 {NAME:wr_seq_h T:Transactions SCOPE:uvm_test_top.env_h.wr_agent_h.wr_sqr_h STREAM:835}
  CREATE_STREAM @35 {NAME:rd_seq_h T:Transactions SCOPE:uvm_test_top.env_h.rd_agent_h.rd_sqr_h STREAM:899}
  CREATE_STREAM @0 {NAME:wr_seq_h T:Transactions SCOPE:uvm_test_top.env_h.wr_agent_h.wr_sqr_h STREAM:835}
  CREATE_STREAM @0 {NAME:rd_seq_h T:Transactions SCOPE:uvm_test_top.env_h.rd_agent_h.rd_sqr_h STREAM:838}
  CREATE_STREAM @0 {NAME:wr_seq_h T:Transactions SCOPE:uvm_test_top.env_h.wr_agent_h.wr_sqr_h STREAM:835}
  CREATE_STREAM @0 {NAME:rd_seq_h T:Transactions SCOPE:uvm_test_top.env_h.rd_agent_h.rd_sqr_h STREAM:838}
  CREATE_STREAM @0 {NAME:wr_seq_h T:Transactions SCOPE:uvm_test_top.env_h.wr_agent_h.wr_sqr_h STREAM:835}
  CREATE_STREAM @0 {NAME:rd_seq_h T:Transactions SCOPE:uvm_test_top.env_h.rd_agent_h.rd_sqr_h STREAM:838}
  CREATE_STREAM @0 {NAME:wr_seq_h T:Transactions SCOPE:uvm_test_top.env_h.wr_agent_h.wr_sqr_h STREAM:835}
  CREATE_STREAM @0 {NAME:rd_seq_h T:Transactions SCOPE:uvm_test_top.env_h.rd_agent_h.rd_sqr_h STREAM:838}
  CREATE_STREAM @0 {NAME:wr_seq_h T:Transactions SCOPE:uvm_test_top.env_h.wr_agent_h.wr_sqr_h STREAM:835}
  CREATE_STREAM @0 {NAME:rd_seq_h T:Transactions SCOPE:uvm_test_top.env_h.rd_agent_h.rd_sqr_h STREAM:838}
  CREATE_STREAM @0 {NAME:wr_seq_h T:Transactions SCOPE:uvm_test_top.env_h.wr_agent_h.wr_sqr_h STREAM:835}
  CREATE_STREAM @0 {NAME:rd_seq_h T:Transactions SCOPE:uvm_test_top.env_h.rd_agent_h.rd_sqr_h STREAM:838}
  CREATE_STREAM @0 {NAME:wr_seq_h T:Transactions SCOPE:uvm_test_top.env_h.wr_agent_h.wr_sqr_h STREAM:835}
  CREATE_STREAM @0 {NAME:rd_seq_h T:Transactions SCOPE:uvm_test_top.env_h.rd_agent_h.rd_sqr_h STREAM:838}
  CREATE_STREAM @0 {NAME:wr_seq_h T:Transactions SCOPE:uvm_test_top.env_h.wr_agent_h.wr_sqr_h STREAM:835}
  CREATE_STREAM @0 {NAME:rd_seq_h T:Transactions SCOPE:uvm_test_top.env_h.rd_agent_h.rd_sqr_h STREAM:838}
  CREATE_STREAM @0 {NAME:wr_seq_h T:Transactions SCOPE:uvm_test_top.env_h.wr_agent_h.wr_sqr_h STREAM:835}
  CREATE_STREAM @0 {NAME:rd_seq_h T:Transactions SCOPE:uvm_test_top.env_h.rd_agent_h.rd_sqr_h STREAM:838}
  CREATE_STREAM @0 {NAME:wr_seq_h T:Transactions SCOPE:uvm_test_top.env_h.wr_agent_h.wr_sqr_h STREAM:864}
  CREATE_STREAM @0 {NAME:rd_seq_h T:Transactions SCOPE:uvm_test_top.env_h.rd_agent_h.rd_sqr_h STREAM:867}
  CREATE_STREAM @0 {NAME:wr_seq_h T:Transactions SCOPE:uvm_test_top.env_h.wr_agent_h.wr_sqr_h STREAM:864}
  CREATE_STREAM @35 {NAME:rd_seq_h T:Transactions SCOPE:uvm_test_top.env_h.rd_agent_h.rd_sqr_h STREAM:928}
  CREATE_STREAM @0 {NAME:wr_seq_h T:Transactions SCOPE:uvm_test_top.env_h.wr_agent_h.wr_sqr_h STREAM:864}
  CREATE_STREAM @35 {NAME:rd_seq_h T:Transactions SCOPE:uvm_test_top.env_h.rd_agent_h.rd_sqr_h STREAM:924}
  CREATE_STREAM @0 {NAME:wr_seq_h T:Transactions SCOPE:uvm_test_top.env_h.wr_agent_h.wr_sqr_h STREAM:864}
  CREATE_STREAM @315 {NAME:rd_seq_h T:Transactions SCOPE:uvm_test_top.env_h.rd_agent_h.rd_sqr_h STREAM:1036}
  CREATE_STREAM @0 {NAME:wr_seq_h T:Transactions SCOPE:uvm_test_top.env_h.wr_agent_h.wr_sqr_h STREAM:864}
  CREATE_STREAM @35 {NAME:rd_seq_h T:Transactions SCOPE:uvm_test_top.env_h.rd_agent_h.rd_sqr_h STREAM:924}
  CREATE_STREAM @0 {NAME:wr_seq_h T:Transactions SCOPE:uvm_test_top.env_h.wr_agent_h.wr_sqr_h STREAM:864}
  CREATE_STREAM @35 {NAME:rd_seq_h T:Transactions SCOPE:uvm_test_top.env_h.rd_agent_h.rd_sqr_h STREAM:924}
  CREATE_STREAM @0 {NAME:wr_seq_h T:Transactions SCOPE:uvm_test_top.env_h.wr_agent_h.wr_sqr_h STREAM:864}
  CREATE_STREAM @35 {NAME:rd_seq_h T:Transactions SCOPE:uvm_test_top.env_h.rd_agent_h.rd_sqr_h STREAM:924}
  CREATE_STREAM @0 {NAME:wr_seq_h T:Transactions SCOPE:uvm_test_top.env_h.wr_agent_h.wr_sqr_h STREAM:864}
  CREATE_STREAM @35 {NAME:rd_seq_h T:Transactions SCOPE:uvm_test_top.env_h.rd_agent_h.rd_sqr_h STREAM:924}
  CREATE_STREAM @0 {NAME:wr_seq_h T:Transactions SCOPE:uvm_test_top.env_h.wr_agent_h.wr_sqr_h STREAM:864}
  CREATE_STREAM @35 {NAME:rd_seq_h T:Transactions SCOPE:uvm_test_top.env_h.rd_agent_h.rd_sqr_h STREAM:924}
  CREATE_STREAM @0 {NAME:wr_seq_h T:Transactions SCOPE:uvm_test_top.env_h.wr_agent_h.wr_sqr_h STREAM:864}
  CREATE_STREAM @35 {NAME:rd_seq_h T:Transactions SCOPE:uvm_test_top.env_h.rd_agent_h.rd_sqr_h STREAM:924}
  CREATE_STREAM @0 {NAME:wr_seq_h T:Transactions SCOPE:uvm_test_top.env_h.wr_agent_h.wr_sqr_h STREAM:864}
  CREATE_STREAM @315 {NAME:rd_seq_h T:Transactions SCOPE:uvm_test_top.env_h.rd_agent_h.rd_sqr_h STREAM:1036}
  CREATE_STREAM @0 {NAME:wr_seq_h T:Transactions SCOPE:uvm_test_top.env_h.wr_agent_h.wr_sqr_h STREAM:864}
  CREATE_STREAM @0 {NAME:rd_seq_h T:Transactions SCOPE:uvm_test_top.env_h.rd_agent_h.rd_sqr_h STREAM:867}
  CREATE_STREAM @0 {NAME:wr_seq_h T:Transactions SCOPE:uvm_test_top.env_h.wr_agent_h.wr_sqr_h STREAM:864}
  CREATE_STREAM @35 {NAME:rd_seq_h T:Transactions SCOPE:uvm_test_top.env_h.rd_agent_h.rd_sqr_h STREAM:924}
  CREATE_STREAM @0 {NAME:wr_seq_h T:Transactions SCOPE:uvm_test_top.env_h.wr_agent_h.wr_sqr_h STREAM:864}
  CREATE_STREAM @3 {NAME:rd_seq_h T:Transactions SCOPE:uvm_test_top.env_h.rd_agent_h.rd_sqr_h STREAM:909}
  CREATE_STREAM @0 {NAME:wr_seq_h T:Transactions SCOPE:uvm_test_top.env_h.wr_agent_h.wr_sqr_h STREAM:864}
  CREATE_STREAM @3 {NAME:rd_seq_h T:Transactions SCOPE:uvm_test_top.env_h.rd_agent_h.rd_sqr_h STREAM:909}
